This file contains any messages produced by compilers while
running configure, to aid debugging if configure makes a mistake.

It was created by DeServer configure 1.0, which was
generated by GNU Autoconf 2.69.  Invocation command line was

  $ ./configure 

## --------- ##
## Platform. ##
## --------- ##

hostname = localhost.localdomain
uname -m = x86_64
uname -r = 3.16.6-203.fc20.x86_64
uname -s = Linux
uname -v = #1 SMP Sat Oct 25 12:44:32 UTC 2014

/usr/bin/uname -p = x86_64
/bin/uname -X     = unknown

/bin/arch              = x86_64
/usr/bin/arch -k       = unknown
/usr/convex/getsysinfo = unknown
/usr/bin/hostinfo      = unknown
/bin/machine           = unknown
/usr/bin/oslevel       = unknown
/bin/universe          = unknown

PATH: /usr/local/bin
PATH: /usr/bin
PATH: /usr/local/sbin
PATH: /usr/sbin
PATH: /home/elton/.local/bin
PATH: /home/elton/bin


## ----------- ##
## Core tests. ##
## ----------- ##

configure:2478: checking for a BSD-compatible install
configure:2546: result: /usr/bin/install -c
configure:2557: checking whether build environment is sane
configure:2612: result: yes
configure:2763: checking for a thread-safe mkdir -p
configure:2802: result: /usr/bin/mkdir -p
configure:2809: checking for gawk
configure:2825: found /usr/bin/gawk
configure:2836: result: gawk
configure:2847: checking whether make sets $(MAKE)
configure:2869: result: yes
configure:2898: checking whether make supports nested variables
configure:2915: result: yes
configure:3104: checking for g++
configure:3120: found /usr/bin/g++
configure:3131: result: g++
configure:3158: checking for C++ compiler version
configure:3167: g++ --version >&5
g++ (GCC) 4.8.3 20140911 (Red Hat 4.8.3-7)
Copyright (C) 2013 Free Software Foundation, Inc.
This is free software; see the source for copying conditions.  There is NO
warranty; not even for MERCHANTABILITY or FITNESS FOR A PARTICULAR PURPOSE.

configure:3178: $? = 0
configure:3167: g++ -v >&5
Using built-in specs.
COLLECT_GCC=g++
COLLECT_LTO_WRAPPER=/usr/libexec/gcc/x86_64-redhat-linux/4.8.3/lto-wrapper
Target: x86_64-redhat-linux
Configured with: ../configure --prefix=/usr --mandir=/usr/share/man --infodir=/usr/share/info --with-bugurl=http://bugzilla.redhat.com/bugzilla --enable-bootstrap --enable-shared --enable-threads=posix --enable-checking=release --with-system-zlib --enable-__cxa_atexit --disable-libunwind-exceptions --enable-gnu-unique-object --enable-linker-build-id --with-linker-hash-style=gnu --enable-languages=c,c++,objc,obj-c++,java,fortran,ada,go,lto --enable-plugin --enable-initfini-array --enable-java-awt=gtk --disable-dssi --with-java-home=/usr/lib/jvm/java-1.5.0-gcj-1.5.0.0/jre --enable-libgcj-multifile --enable-java-maintainer-mode --with-ecj-jar=/usr/share/java/eclipse-ecj.jar --disable-libjava-multilib --with-isl=/builddir/build/BUILD/gcc-4.8.3-20140911/obj-x86_64-redhat-linux/isl-install --with-cloog=/builddir/build/BUILD/gcc-4.8.3-20140911/obj-x86_64-redhat-linux/cloog-install --with-tune=generic --with-arch_32=i686 --build=x86_64-redhat-linux
Thread model: posix
gcc version 4.8.3 20140911 (Red Hat 4.8.3-7) (GCC) 
configure:3178: $? = 0
configure:3167: g++ -V >&5
g++: error: unrecognized command line option '-V'
g++: fatal error: no input files
compilation terminated.
configure:3178: $? = 4
configure:3167: g++ -qversion >&5
g++: error: unrecognized command line option '-qversion'
g++: fatal error: no input files
compilation terminated.
configure:3178: $? = 4
configure:3198: checking whether the C++ compiler works
configure:3220: g++    conftest.cpp  >&5
configure:3224: $? = 0
configure:3272: result: yes
configure:3275: checking for C++ compiler default output file name
configure:3277: result: a.out
configure:3283: checking for suffix of executables
configure:3290: g++ -o conftest    conftest.cpp  >&5
configure:3294: $? = 0
configure:3316: result: 
configure:3338: checking whether we are cross compiling
configure:3346: g++ -o conftest    conftest.cpp  >&5
configure:3350: $? = 0
configure:3357: ./conftest
configure:3361: $? = 0
configure:3376: result: no
configure:3381: checking for suffix of object files
configure:3403: g++ -c   conftest.cpp >&5
configure:3407: $? = 0
configure:3428: result: o
configure:3432: checking whether we are using the GNU C++ compiler
configure:3451: g++ -c   conftest.cpp >&5
configure:3451: $? = 0
configure:3460: result: yes
configure:3469: checking whether g++ accepts -g
configure:3489: g++ -c -g  conftest.cpp >&5
configure:3489: $? = 0
configure:3530: result: yes
configure:3564: checking for style of include used by make
configure:3592: result: GNU
configure:3618: checking dependency style of g++
configure:3729: result: gcc3
configure:3792: checking for gcc
configure:3808: found /usr/bin/gcc
configure:3819: result: gcc
configure:4048: checking for C compiler version
configure:4057: gcc --version >&5
gcc (GCC) 4.8.3 20140911 (Red Hat 4.8.3-7)
Copyright (C) 2013 Free Software Foundation, Inc.
This is free software; see the source for copying conditions.  There is NO
warranty; not even for MERCHANTABILITY or FITNESS FOR A PARTICULAR PURPOSE.

configure:4068: $? = 0
configure:4057: gcc -v >&5
Using built-in specs.
COLLECT_GCC=gcc
COLLECT_LTO_WRAPPER=/usr/libexec/gcc/x86_64-redhat-linux/4.8.3/lto-wrapper
Target: x86_64-redhat-linux
Configured with: ../configure --prefix=/usr --mandir=/usr/share/man --infodir=/usr/share/info --with-bugurl=http://bugzilla.redhat.com/bugzilla --enable-bootstrap --enable-shared --enable-threads=posix --enable-checking=release --with-system-zlib --enable-__cxa_atexit --disable-libunwind-exceptions --enable-gnu-unique-object --enable-linker-build-id --with-linker-hash-style=gnu --enable-languages=c,c++,objc,obj-c++,java,fortran,ada,go,lto --enable-plugin --enable-initfini-array --enable-java-awt=gtk --disable-dssi --with-java-home=/usr/lib/jvm/java-1.5.0-gcj-1.5.0.0/jre --enable-libgcj-multifile --enable-java-maintainer-mode --with-ecj-jar=/usr/share/java/eclipse-ecj.jar --disable-libjava-multilib --with-isl=/builddir/build/BUILD/gcc-4.8.3-20140911/obj-x86_64-redhat-linux/isl-install --with-cloog=/builddir/build/BUILD/gcc-4.8.3-20140911/obj-x86_64-redhat-linux/cloog-install --with-tune=generic --with-arch_32=i686 --build=x86_64-redhat-linux
Thread model: posix
gcc version 4.8.3 20140911 (Red Hat 4.8.3-7) (GCC) 
configure:4068: $? = 0
configure:4057: gcc -V >&5
gcc: error: unrecognized command line option '-V'
gcc: fatal error: no input files
compilation terminated.
configure:4068: $? = 4
configure:4057: gcc -qversion >&5
gcc: error: unrecognized command line option '-qversion'
gcc: fatal error: no input files
compilation terminated.
configure:4068: $? = 4
configure:4072: checking whether we are using the GNU C compiler
configure:4091: gcc -c   conftest.c >&5
configure:4091: $? = 0
configure:4100: result: yes
configure:4109: checking whether gcc accepts -g
configure:4129: gcc -c -g  conftest.c >&5
configure:4129: $? = 0
configure:4170: result: yes
configure:4187: checking for gcc option to accept ISO C89
configure:4250: gcc  -c -g -O2  conftest.c >&5
configure:4250: $? = 0
configure:4263: result: none needed
configure:4288: checking whether gcc understands -c and -o together
configure:4310: gcc -c conftest.c -o conftest2.o
configure:4313: $? = 0
configure:4310: gcc -c conftest.c -o conftest2.o
configure:4313: $? = 0
configure:4325: result: yes
configure:4344: checking dependency style of gcc
configure:4455: result: gcc3
configure:4482: checking how to run the C preprocessor
configure:4513: gcc -E  conftest.c
configure:4513: $? = 0
configure:4527: gcc -E  conftest.c
conftest.c:11:28: fatal error: ac_nonexistent.h: No such file or directory
 #include <ac_nonexistent.h>
                            ^
compilation terminated.
configure:4527: $? = 1
configure: failed program was:
| /* confdefs.h */
| #define PACKAGE_NAME "DeServer"
| #define PACKAGE_TARNAME "deserver"
| #define PACKAGE_VERSION "1.0"
| #define PACKAGE_STRING "DeServer 1.0"
| #define PACKAGE_BUGREPORT "elton.xiao@gmail.com"
| #define PACKAGE_URL ""
| #define PACKAGE "DeServer"
| #define VERSION "2.6"
| /* end confdefs.h.  */
| #include <ac_nonexistent.h>
configure:4552: result: gcc -E
configure:4572: gcc -E  conftest.c
configure:4572: $? = 0
configure:4586: gcc -E  conftest.c
conftest.c:11:28: fatal error: ac_nonexistent.h: No such file or directory
 #include <ac_nonexistent.h>
                            ^
compilation terminated.
configure:4586: $? = 1
configure: failed program was:
| /* confdefs.h */
| #define PACKAGE_NAME "DeServer"
| #define PACKAGE_TARNAME "deserver"
| #define PACKAGE_VERSION "1.0"
| #define PACKAGE_STRING "DeServer 1.0"
| #define PACKAGE_BUGREPORT "elton.xiao@gmail.com"
| #define PACKAGE_URL ""
| #define PACKAGE "DeServer"
| #define VERSION "2.6"
| /* end confdefs.h.  */
| #include <ac_nonexistent.h>
configure:4615: checking for grep that handles long lines and -e
configure:4673: result: /usr/bin/grep
configure:4678: checking for egrep
configure:4740: result: /usr/bin/grep -E
configure:4745: checking for ANSI C header files
configure:4765: gcc -c -g -O2  conftest.c >&5
configure:4765: $? = 0
configure:4838: gcc -o conftest -g -O2   conftest.c  >&5
configure:4838: $? = 0
configure:4838: ./conftest
configure:4838: $? = 0
configure:4849: result: yes
configure:4862: checking for sys/types.h
configure:4862: gcc -c -g -O2  conftest.c >&5
configure:4862: $? = 0
configure:4862: result: yes
configure:4862: checking for sys/stat.h
configure:4862: gcc -c -g -O2  conftest.c >&5
configure:4862: $? = 0
configure:4862: result: yes
configure:4862: checking for stdlib.h
configure:4862: gcc -c -g -O2  conftest.c >&5
configure:4862: $? = 0
configure:4862: result: yes
configure:4862: checking for string.h
configure:4862: gcc -c -g -O2  conftest.c >&5
configure:4862: $? = 0
configure:4862: result: yes
configure:4862: checking for memory.h
configure:4862: gcc -c -g -O2  conftest.c >&5
configure:4862: $? = 0
configure:4862: result: yes
configure:4862: checking for strings.h
configure:4862: gcc -c -g -O2  conftest.c >&5
configure:4862: $? = 0
configure:4862: result: yes
configure:4862: checking for inttypes.h
configure:4862: gcc -c -g -O2  conftest.c >&5
configure:4862: $? = 0
configure:4862: result: yes
configure:4862: checking for stdint.h
configure:4862: gcc -c -g -O2  conftest.c >&5
configure:4862: $? = 0
configure:4862: result: yes
configure:4862: checking for unistd.h
configure:4862: gcc -c -g -O2  conftest.c >&5
configure:4862: $? = 0
configure:4862: result: yes
configure:4874: checking for stdbool.h that conforms to C99
configure:4941: gcc -c -g -O2  conftest.c >&5
configure:4941: $? = 0
configure:4948: result: yes
configure:4950: checking for _Bool
configure:4950: gcc -c -g -O2  conftest.c >&5
configure:4950: $? = 0
configure:4950: gcc -c -g -O2  conftest.c >&5
conftest.c: In function 'main':
conftest.c:57:20: error: expected expression before ')' token
 if (sizeof ((_Bool)))
                    ^
configure:4950: $? = 1
configure: failed program was:
| /* confdefs.h */
| #define PACKAGE_NAME "DeServer"
| #define PACKAGE_TARNAME "deserver"
| #define PACKAGE_VERSION "1.0"
| #define PACKAGE_STRING "DeServer 1.0"
| #define PACKAGE_BUGREPORT "elton.xiao@gmail.com"
| #define PACKAGE_URL ""
| #define PACKAGE "DeServer"
| #define VERSION "2.6"
| #define STDC_HEADERS 1
| #define HAVE_SYS_TYPES_H 1
| #define HAVE_SYS_STAT_H 1
| #define HAVE_STDLIB_H 1
| #define HAVE_STRING_H 1
| #define HAVE_MEMORY_H 1
| #define HAVE_STRINGS_H 1
| #define HAVE_INTTYPES_H 1
| #define HAVE_STDINT_H 1
| #define HAVE_UNISTD_H 1
| /* end confdefs.h.  */
| #include <stdio.h>
| #ifdef HAVE_SYS_TYPES_H
| # include <sys/types.h>
| #endif
| #ifdef HAVE_SYS_STAT_H
| # include <sys/stat.h>
| #endif
| #ifdef STDC_HEADERS
| # include <stdlib.h>
| # include <stddef.h>
| #else
| # ifdef HAVE_STDLIB_H
| #  include <stdlib.h>
| # endif
| #endif
| #ifdef HAVE_STRING_H
| # if !defined STDC_HEADERS && defined HAVE_MEMORY_H
| #  include <memory.h>
| # endif
| # include <string.h>
| #endif
| #ifdef HAVE_STRINGS_H
| # include <strings.h>
| #endif
| #ifdef HAVE_INTTYPES_H
| # include <inttypes.h>
| #endif
| #ifdef HAVE_STDINT_H
| # include <stdint.h>
| #endif
| #ifdef HAVE_UNISTD_H
| # include <unistd.h>
| #endif
| int
| main ()
| {
| if (sizeof ((_Bool)))
| 	    return 0;
|   ;
|   return 0;
| }
configure:4950: result: yes
configure:4961: checking for int16_t
configure:4961: gcc -c -g -O2  conftest.c >&5
configure:4961: $? = 0
configure:4961: gcc -c -g -O2  conftest.c >&5
conftest.c: In function 'main':
conftest.c:59:12: error: size of array 'test_array' is negative
 static int test_array [1 - 2 * !((int16_t) (((((int16_t) 1 << N) << N) - 1) * 2 + 1)
            ^
configure:4961: $? = 1
configure: failed program was:
| /* confdefs.h */
| #define PACKAGE_NAME "DeServer"
| #define PACKAGE_TARNAME "deserver"
| #define PACKAGE_VERSION "1.0"
| #define PACKAGE_STRING "DeServer 1.0"
| #define PACKAGE_BUGREPORT "elton.xiao@gmail.com"
| #define PACKAGE_URL ""
| #define PACKAGE "DeServer"
| #define VERSION "2.6"
| #define STDC_HEADERS 1
| #define HAVE_SYS_TYPES_H 1
| #define HAVE_SYS_STAT_H 1
| #define HAVE_STDLIB_H 1
| #define HAVE_STRING_H 1
| #define HAVE_MEMORY_H 1
| #define HAVE_STRINGS_H 1
| #define HAVE_INTTYPES_H 1
| #define HAVE_STDINT_H 1
| #define HAVE_UNISTD_H 1
| #define HAVE__BOOL 1
| /* end confdefs.h.  */
| #include <stdio.h>
| #ifdef HAVE_SYS_TYPES_H
| # include <sys/types.h>
| #endif
| #ifdef HAVE_SYS_STAT_H
| # include <sys/stat.h>
| #endif
| #ifdef STDC_HEADERS
| # include <stdlib.h>
| # include <stddef.h>
| #else
| # ifdef HAVE_STDLIB_H
| #  include <stdlib.h>
| # endif
| #endif
| #ifdef HAVE_STRING_H
| # if !defined STDC_HEADERS && defined HAVE_MEMORY_H
| #  include <memory.h>
| # endif
| # include <string.h>
| #endif
| #ifdef HAVE_STRINGS_H
| # include <strings.h>
| #endif
| #ifdef HAVE_INTTYPES_H
| # include <inttypes.h>
| #endif
| #ifdef HAVE_STDINT_H
| # include <stdint.h>
| #endif
| #ifdef HAVE_UNISTD_H
| # include <unistd.h>
| #endif
| 	        enum { N = 16 / 2 - 1 };
| int
| main ()
| {
| static int test_array [1 - 2 * !((int16_t) (((((int16_t) 1 << N) << N) - 1) * 2 + 1)
| 		 < (int16_t) (((((int16_t) 1 << N) << N) - 1) * 2 + 2))];
| test_array [0] = 0;
| return test_array [0];
| 
|   ;
|   return 0;
| }
configure:4961: result: yes
configure:4972: checking for int32_t
configure:4972: gcc -c -g -O2  conftest.c >&5
configure:4972: $? = 0
configure:4972: gcc -c -g -O2  conftest.c >&5
conftest.c: In function 'main':
conftest.c:60:53: warning: integer overflow in expression [-Woverflow]
    < (int32_t) (((((int32_t) 1 << N) << N) - 1) * 2 + 2))];
                                                     ^
conftest.c:59:12: error: storage size of 'test_array' isn't constant
 static int test_array [1 - 2 * !((int32_t) (((((int32_t) 1 << N) << N) - 1) * 2 + 1)
            ^
configure:4972: $? = 1
configure: failed program was:
| /* confdefs.h */
| #define PACKAGE_NAME "DeServer"
| #define PACKAGE_TARNAME "deserver"
| #define PACKAGE_VERSION "1.0"
| #define PACKAGE_STRING "DeServer 1.0"
| #define PACKAGE_BUGREPORT "elton.xiao@gmail.com"
| #define PACKAGE_URL ""
| #define PACKAGE "DeServer"
| #define VERSION "2.6"
| #define STDC_HEADERS 1
| #define HAVE_SYS_TYPES_H 1
| #define HAVE_SYS_STAT_H 1
| #define HAVE_STDLIB_H 1
| #define HAVE_STRING_H 1
| #define HAVE_MEMORY_H 1
| #define HAVE_STRINGS_H 1
| #define HAVE_INTTYPES_H 1
| #define HAVE_STDINT_H 1
| #define HAVE_UNISTD_H 1
| #define HAVE__BOOL 1
| /* end confdefs.h.  */
| #include <stdio.h>
| #ifdef HAVE_SYS_TYPES_H
| # include <sys/types.h>
| #endif
| #ifdef HAVE_SYS_STAT_H
| # include <sys/stat.h>
| #endif
| #ifdef STDC_HEADERS
| # include <stdlib.h>
| # include <stddef.h>
| #else
| # ifdef HAVE_STDLIB_H
| #  include <stdlib.h>
| # endif
| #endif
| #ifdef HAVE_STRING_H
| # if !defined STDC_HEADERS && defined HAVE_MEMORY_H
| #  include <memory.h>
| # endif
| # include <string.h>
| #endif
| #ifdef HAVE_STRINGS_H
| # include <strings.h>
| #endif
| #ifdef HAVE_INTTYPES_H
| # include <inttypes.h>
| #endif
| #ifdef HAVE_STDINT_H
| # include <stdint.h>
| #endif
| #ifdef HAVE_UNISTD_H
| # include <unistd.h>
| #endif
| 	        enum { N = 32 / 2 - 1 };
| int
| main ()
| {
| static int test_array [1 - 2 * !((int32_t) (((((int32_t) 1 << N) << N) - 1) * 2 + 1)
| 		 < (int32_t) (((((int32_t) 1 << N) << N) - 1) * 2 + 2))];
| test_array [0] = 0;
| return test_array [0];
| 
|   ;
|   return 0;
| }
configure:4972: result: yes
configure:4983: checking for size_t
configure:4983: gcc -c -g -O2  conftest.c >&5
configure:4983: $? = 0
configure:4983: gcc -c -g -O2  conftest.c >&5
conftest.c: In function 'main':
conftest.c:58:21: error: expected expression before ')' token
 if (sizeof ((size_t)))
                     ^
configure:4983: $? = 1
configure: failed program was:
| /* confdefs.h */
| #define PACKAGE_NAME "DeServer"
| #define PACKAGE_TARNAME "deserver"
| #define PACKAGE_VERSION "1.0"
| #define PACKAGE_STRING "DeServer 1.0"
| #define PACKAGE_BUGREPORT "elton.xiao@gmail.com"
| #define PACKAGE_URL ""
| #define PACKAGE "DeServer"
| #define VERSION "2.6"
| #define STDC_HEADERS 1
| #define HAVE_SYS_TYPES_H 1
| #define HAVE_SYS_STAT_H 1
| #define HAVE_STDLIB_H 1
| #define HAVE_STRING_H 1
| #define HAVE_MEMORY_H 1
| #define HAVE_STRINGS_H 1
| #define HAVE_INTTYPES_H 1
| #define HAVE_STDINT_H 1
| #define HAVE_UNISTD_H 1
| #define HAVE__BOOL 1
| /* end confdefs.h.  */
| #include <stdio.h>
| #ifdef HAVE_SYS_TYPES_H
| # include <sys/types.h>
| #endif
| #ifdef HAVE_SYS_STAT_H
| # include <sys/stat.h>
| #endif
| #ifdef STDC_HEADERS
| # include <stdlib.h>
| # include <stddef.h>
| #else
| # ifdef HAVE_STDLIB_H
| #  include <stdlib.h>
| # endif
| #endif
| #ifdef HAVE_STRING_H
| # if !defined STDC_HEADERS && defined HAVE_MEMORY_H
| #  include <memory.h>
| # endif
| # include <string.h>
| #endif
| #ifdef HAVE_STRINGS_H
| # include <strings.h>
| #endif
| #ifdef HAVE_INTTYPES_H
| # include <inttypes.h>
| #endif
| #ifdef HAVE_STDINT_H
| # include <stdint.h>
| #endif
| #ifdef HAVE_UNISTD_H
| # include <unistd.h>
| #endif
| int
| main ()
| {
| if (sizeof ((size_t)))
| 	    return 0;
|   ;
|   return 0;
| }
configure:4983: result: yes
configure:4994: checking for uint32_t
configure:4994: gcc -c -g -O2  conftest.c >&5
configure:4994: $? = 0
configure:4994: result: yes
configure:5008: checking for uint8_t
configure:5008: gcc -c -g -O2  conftest.c >&5
configure:5008: $? = 0
configure:5008: result: yes
configure:5052: checking build system type
configure:5066: result: x86_64-unknown-linux-gnu
configure:5086: checking host system type
configure:5099: result: x86_64-unknown-linux-gnu
configure:5140: checking how to print strings
configure:5167: result: printf
configure:5188: checking for a sed that does not truncate output
configure:5252: result: /usr/bin/sed
configure:5270: checking for fgrep
configure:5332: result: /usr/bin/grep -F
configure:5367: checking for ld used by gcc
configure:5434: result: /usr/bin/ld
configure:5441: checking if the linker (/usr/bin/ld) is GNU ld
configure:5456: result: yes
configure:5468: checking for BSD- or MS-compatible name lister (nm)
configure:5517: result: /usr/bin/nm -B
configure:5647: checking the name lister (/usr/bin/nm -B) interface
configure:5654: gcc -c -g -O2  conftest.c >&5
configure:5657: /usr/bin/nm -B "conftest.o"
configure:5660: output
0000000000000000 B some_variable
configure:5667: result: BSD nm
configure:5670: checking whether ln -s works
configure:5674: result: yes
configure:5682: checking the maximum length of command line arguments
configure:5812: result: 1572864
configure:5829: checking whether the shell understands some XSI constructs
configure:5839: result: yes
configure:5843: checking whether the shell understands "+="
configure:5849: result: yes
configure:5884: checking how to convert x86_64-unknown-linux-gnu file names to x86_64-unknown-linux-gnu format
configure:5924: result: func_convert_file_noop
configure:5931: checking how to convert x86_64-unknown-linux-gnu file names to toolchain format
configure:5951: result: func_convert_file_noop
configure:5958: checking for /usr/bin/ld option to reload object files
configure:5965: result: -r
configure:6039: checking for objdump
configure:6055: found /usr/bin/objdump
configure:6066: result: objdump
configure:6098: checking how to recognize dependent libraries
configure:6300: result: pass_all
configure:6385: checking for dlltool
configure:6415: result: no
configure:6445: checking how to associate runtime and link libraries
configure:6472: result: printf %s\n
configure:6532: checking for ar
configure:6548: found /usr/bin/ar
configure:6559: result: ar
configure:6596: checking for archiver @FILE support
configure:6613: gcc -c -g -O2  conftest.c >&5
configure:6613: $? = 0
configure:6616: ar cru libconftest.a @conftest.lst >&5
configure:6619: $? = 0
configure:6624: ar cru libconftest.a @conftest.lst >&5
ar: conftest.o: No such file or directory
configure:6627: $? = 1
configure:6639: result: @
configure:6697: checking for strip
configure:6713: found /usr/bin/strip
configure:6724: result: strip
configure:6796: checking for ranlib
configure:6812: found /usr/bin/ranlib
configure:6823: result: ranlib
configure:6925: checking command to parse /usr/bin/nm -B output from gcc object
configure:7045: gcc -c -g -O2  conftest.c >&5
configure:7048: $? = 0
configure:7052: /usr/bin/nm -B conftest.o \| sed -n -e 's/^.*[ ]\([ABCDGIRSTW][ABCDGIRSTW]*\)[ ][ ]*\([_A-Za-z][_A-Za-z0-9]*\)$/\1 \2 \2/p' | sed '/ __gnu_lto/d' \> conftest.nm
configure:7055: $? = 0
configure:7121: gcc -o conftest -g -O2   conftest.c conftstm.o >&5
configure:7124: $? = 0
configure:7162: result: ok
configure:7199: checking for sysroot
configure:7229: result: no
configure:7306: gcc -c -g -O2  conftest.c >&5
configure:7309: $? = 0
configure:7491: checking for mt
configure:7521: result: no
configure:7541: checking if : is a manifest tool
configure:7547: : '-?'
configure:7555: result: no
configure:8194: checking for dlfcn.h
configure:8194: gcc -c -g -O2  conftest.c >&5
configure:8194: $? = 0
configure:8194: result: yes
configure:8411: checking for objdir
configure:8426: result: .libs
configure:8693: checking if gcc supports -fno-rtti -fno-exceptions
configure:8711: gcc -c -g -O2  -fno-rtti -fno-exceptions conftest.c >&5
cc1: warning: command line option '-fno-rtti' is valid for C++/ObjC++ but not for C [enabled by default]
configure:8715: $? = 0
configure:8728: result: no
configure:9055: checking for gcc option to produce PIC
configure:9062: result: -fPIC -DPIC
configure:9070: checking if gcc PIC flag -fPIC -DPIC works
configure:9088: gcc -c -g -O2  -fPIC -DPIC -DPIC conftest.c >&5
configure:9092: $? = 0
configure:9105: result: yes
configure:9134: checking if gcc static flag -static works
configure:9162: result: no
configure:9177: checking if gcc supports -c -o file.o
configure:9198: gcc -c -g -O2  -o out/conftest2.o conftest.c >&5
configure:9202: $? = 0
configure:9224: result: yes
configure:9232: checking if gcc supports -c -o file.o
configure:9279: result: yes
configure:9312: checking whether the gcc linker (/usr/bin/ld -m elf_x86_64) supports shared libraries
configure:10465: result: yes
configure:10502: checking whether -lc should be explicitly linked in
configure:10510: gcc -c -g -O2  conftest.c >&5
configure:10513: $? = 0
configure:10528: gcc -shared  -fPIC -DPIC conftest.o  -v -Wl,-soname -Wl,conftest -o conftest 2\>\&1 \| /usr/bin/grep  -lc  \>/dev/null 2\>\&1
configure:10531: $? = 0
configure:10545: result: no
configure:10705: checking dynamic linker characteristics
configure:11216: gcc -o conftest -g -O2   -Wl,-rpath -Wl,/foo conftest.c  >&5
configure:11216: $? = 0
configure:11442: result: GNU/Linux ld.so
configure:11549: checking how to hardcode library paths into programs
configure:11574: result: immediate
configure:12114: checking whether stripping libraries is possible
configure:12119: result: yes
configure:12154: checking if libtool supports shared libraries
configure:12156: result: yes
configure:12159: checking whether to build shared libraries
configure:12180: result: yes
configure:12183: checking whether to build static libraries
configure:12187: result: yes
configure:12210: checking how to run the C++ preprocessor
configure:12237: g++ -E  conftest.cpp
configure:12237: $? = 0
configure:12251: g++ -E  conftest.cpp
conftest.cpp:24:28: fatal error: ac_nonexistent.h: No such file or directory
 #include <ac_nonexistent.h>
                            ^
compilation terminated.
configure:12251: $? = 1
configure: failed program was:
| /* confdefs.h */
| #define PACKAGE_NAME "DeServer"
| #define PACKAGE_TARNAME "deserver"
| #define PACKAGE_VERSION "1.0"
| #define PACKAGE_STRING "DeServer 1.0"
| #define PACKAGE_BUGREPORT "elton.xiao@gmail.com"
| #define PACKAGE_URL ""
| #define PACKAGE "DeServer"
| #define VERSION "2.6"
| #define STDC_HEADERS 1
| #define HAVE_SYS_TYPES_H 1
| #define HAVE_SYS_STAT_H 1
| #define HAVE_STDLIB_H 1
| #define HAVE_STRING_H 1
| #define HAVE_MEMORY_H 1
| #define HAVE_STRINGS_H 1
| #define HAVE_INTTYPES_H 1
| #define HAVE_STDINT_H 1
| #define HAVE_UNISTD_H 1
| #define HAVE__BOOL 1
| #define HAVE_DLFCN_H 1
| #define LT_OBJDIR ".libs/"
| /* end confdefs.h.  */
| #include <ac_nonexistent.h>
configure:12276: result: g++ -E
configure:12296: g++ -E  conftest.cpp
configure:12296: $? = 0
configure:12310: g++ -E  conftest.cpp
conftest.cpp:24:28: fatal error: ac_nonexistent.h: No such file or directory
 #include <ac_nonexistent.h>
                            ^
compilation terminated.
configure:12310: $? = 1
configure: failed program was:
| /* confdefs.h */
| #define PACKAGE_NAME "DeServer"
| #define PACKAGE_TARNAME "deserver"
| #define PACKAGE_VERSION "1.0"
| #define PACKAGE_STRING "DeServer 1.0"
| #define PACKAGE_BUGREPORT "elton.xiao@gmail.com"
| #define PACKAGE_URL ""
| #define PACKAGE "DeServer"
| #define VERSION "2.6"
| #define STDC_HEADERS 1
| #define HAVE_SYS_TYPES_H 1
| #define HAVE_SYS_STAT_H 1
| #define HAVE_STDLIB_H 1
| #define HAVE_STRING_H 1
| #define HAVE_MEMORY_H 1
| #define HAVE_STRINGS_H 1
| #define HAVE_INTTYPES_H 1
| #define HAVE_STDINT_H 1
| #define HAVE_UNISTD_H 1
| #define HAVE__BOOL 1
| #define HAVE_DLFCN_H 1
| #define LT_OBJDIR ".libs/"
| /* end confdefs.h.  */
| #include <ac_nonexistent.h>
configure:12479: checking for ld used by g++
configure:12546: result: /usr/bin/ld -m elf_x86_64
configure:12553: checking if the linker (/usr/bin/ld -m elf_x86_64) is GNU ld
configure:12568: result: yes
configure:12623: checking whether the g++ linker (/usr/bin/ld -m elf_x86_64) supports shared libraries
configure:13628: result: yes
configure:13664: g++ -c -g -O2  conftest.cpp >&5
configure:13667: $? = 0
configure:14187: checking for g++ option to produce PIC
configure:14194: result: -fPIC -DPIC
configure:14202: checking if g++ PIC flag -fPIC -DPIC works
configure:14220: g++ -c -g -O2  -fPIC -DPIC -DPIC conftest.cpp >&5
configure:14224: $? = 0
configure:14237: result: yes
configure:14260: checking if g++ static flag -static works
configure:14288: result: no
configure:14300: checking if g++ supports -c -o file.o
configure:14321: g++ -c -g -O2  -o out/conftest2.o conftest.cpp >&5
configure:14325: $? = 0
configure:14347: result: yes
configure:14352: checking if g++ supports -c -o file.o
configure:14399: result: yes
configure:14429: checking whether the g++ linker (/usr/bin/ld -m elf_x86_64) supports shared libraries
configure:14465: result: yes
configure:14606: checking dynamic linker characteristics
configure:15277: result: GNU/Linux ld.so
configure:15330: checking how to hardcode library paths into programs
configure:15355: result: immediate
configure:15530: checking that generated files are newer than configure
configure:15536: result: done
configure:15563: creating ./config.status

## ---------------------- ##
## Running config.status. ##
## ---------------------- ##

This file was extended by DeServer config.status 1.0, which was
generated by GNU Autoconf 2.69.  Invocation command line was

  CONFIG_FILES    = 
  CONFIG_HEADERS  = 
  CONFIG_LINKS    = 
  CONFIG_COMMANDS = 
  $ ./config.status 

on localhost.localdomain

config.status:1145: creating Makefile
config.status:1145: creating src/Makefile
config.status:1145: creating config.h
config.status:1326: config.h is unchanged
config.status:1374: executing depfiles commands
config.status:1374: executing libtool commands

## ---------------- ##
## Cache variables. ##
## ---------------- ##

ac_cv_build=x86_64-unknown-linux-gnu
ac_cv_c_compiler_gnu=yes
ac_cv_c_int16_t=yes
ac_cv_c_int32_t=yes
ac_cv_c_uint32_t=yes
ac_cv_c_uint8_t=yes
ac_cv_cxx_compiler_gnu=yes
ac_cv_env_CCC_set=
ac_cv_env_CCC_value=
ac_cv_env_CC_set=
ac_cv_env_CC_value=
ac_cv_env_CFLAGS_set=
ac_cv_env_CFLAGS_value=
ac_cv_env_CPPFLAGS_set=
ac_cv_env_CPPFLAGS_value=
ac_cv_env_CPP_set=
ac_cv_env_CPP_value=
ac_cv_env_CXXCPP_set=
ac_cv_env_CXXCPP_value=
ac_cv_env_CXXFLAGS_set=
ac_cv_env_CXXFLAGS_value=
ac_cv_env_CXX_set=
ac_cv_env_CXX_value=
ac_cv_env_LDFLAGS_set=
ac_cv_env_LDFLAGS_value=
ac_cv_env_LIBS_set=
ac_cv_env_LIBS_value=
ac_cv_env_build_alias_set=
ac_cv_env_build_alias_value=
ac_cv_env_host_alias_set=
ac_cv_env_host_alias_value=
ac_cv_env_target_alias_set=
ac_cv_env_target_alias_value=
ac_cv_header_dlfcn_h=yes
ac_cv_header_inttypes_h=yes
ac_cv_header_memory_h=yes
ac_cv_header_stdbool_h=yes
ac_cv_header_stdc=yes
ac_cv_header_stdint_h=yes
ac_cv_header_stdlib_h=yes
ac_cv_header_string_h=yes
ac_cv_header_strings_h=yes
ac_cv_header_sys_stat_h=yes
ac_cv_header_sys_types_h=yes
ac_cv_header_unistd_h=yes
ac_cv_host=x86_64-unknown-linux-gnu
ac_cv_objext=o
ac_cv_path_EGREP='/usr/bin/grep -E'
ac_cv_path_FGREP='/usr/bin/grep -F'
ac_cv_path_GREP=/usr/bin/grep
ac_cv_path_SED=/usr/bin/sed
ac_cv_path_install='/usr/bin/install -c'
ac_cv_path_mkdir=/usr/bin/mkdir
ac_cv_prog_AWK=gawk
ac_cv_prog_CPP='gcc -E'
ac_cv_prog_CXXCPP='g++ -E'
ac_cv_prog_ac_ct_AR=ar
ac_cv_prog_ac_ct_CC=gcc
ac_cv_prog_ac_ct_CXX=g++
ac_cv_prog_ac_ct_OBJDUMP=objdump
ac_cv_prog_ac_ct_RANLIB=ranlib
ac_cv_prog_ac_ct_STRIP=strip
ac_cv_prog_cc_c89=
ac_cv_prog_cc_g=yes
ac_cv_prog_cxx_g=yes
ac_cv_prog_make_make_set=yes
ac_cv_type__Bool=yes
ac_cv_type_size_t=yes
am_cv_CC_dependencies_compiler_type=gcc3
am_cv_CXX_dependencies_compiler_type=gcc3
am_cv_make_support_nested_variables=yes
am_cv_prog_cc_c_o=yes
lt_cv_ar_at_file=@
lt_cv_archive_cmds_need_lc=no
lt_cv_deplibs_check_method=pass_all
lt_cv_file_magic_cmd='$MAGIC_CMD'
lt_cv_file_magic_test_file=
lt_cv_ld_reload_flag=-r
lt_cv_nm_interface='BSD nm'
lt_cv_objdir=.libs
lt_cv_path_LD=/usr/bin/ld
lt_cv_path_LDCXX='/usr/bin/ld -m elf_x86_64'
lt_cv_path_NM='/usr/bin/nm -B'
lt_cv_path_mainfest_tool=no
lt_cv_prog_compiler_c_o=yes
lt_cv_prog_compiler_c_o_CXX=yes
lt_cv_prog_compiler_pic='-fPIC -DPIC'
lt_cv_prog_compiler_pic_CXX='-fPIC -DPIC'
lt_cv_prog_compiler_pic_works=yes
lt_cv_prog_compiler_pic_works_CXX=yes
lt_cv_prog_compiler_rtti_exceptions=no
lt_cv_prog_compiler_static_works=no
lt_cv_prog_compiler_static_works_CXX=no
lt_cv_prog_gnu_ld=yes
lt_cv_prog_gnu_ldcxx=yes
lt_cv_sharedlib_from_linklib_cmd='printf %s\n'
lt_cv_shlibpath_overrides_runpath=no
lt_cv_sys_global_symbol_pipe='sed -n -e '\''s/^.*[	 ]\([ABCDGIRSTW][ABCDGIRSTW]*\)[	 ][	 ]*\([_A-Za-z][_A-Za-z0-9]*\)$/\1 \2 \2/p'\'' | sed '\''/ __gnu_lto/d'\'''
lt_cv_sys_global_symbol_to_c_name_address='sed -n -e '\''s/^: \([^ ]*\)[ ]*$/  {\"\1\", (void *) 0},/p'\'' -e '\''s/^[ABCDGIRSTW]* \([^ ]*\) \([^ ]*\)$/  {"\2", (void *) \&\2},/p'\'''
lt_cv_sys_global_symbol_to_c_name_address_lib_prefix='sed -n -e '\''s/^: \([^ ]*\)[ ]*$/  {\"\1\", (void *) 0},/p'\'' -e '\''s/^[ABCDGIRSTW]* \([^ ]*\) \(lib[^ ]*\)$/  {"\2", (void *) \&\2},/p'\'' -e '\''s/^[ABCDGIRSTW]* \([^ ]*\) \([^ ]*\)$/  {"lib\2", (void *) \&\2},/p'\'''
lt_cv_sys_global_symbol_to_cdecl='sed -n -e '\''s/^T .* \(.*\)$/extern int \1();/p'\'' -e '\''s/^[ABCDGIRSTW]* .* \(.*\)$/extern char \1;/p'\'''
lt_cv_sys_max_cmd_len=1572864
lt_cv_to_host_file_cmd=func_convert_file_noop
lt_cv_to_tool_file_cmd=func_convert_file_noop

## ----------------- ##
## Output variables. ##
## ----------------- ##

ACLOCAL='${SHELL} /home/elton/shawn/bundle/DeServer/missing aclocal-1.14'
AMDEPBACKSLASH='\'
AMDEP_FALSE='#'
AMDEP_TRUE=''
AMTAR='$${TAR-tar}'
AM_BACKSLASH='\'
AM_DEFAULT_V='$(AM_DEFAULT_VERBOSITY)'
AM_DEFAULT_VERBOSITY='1'
AM_V='$(V)'
AR='ar'
AUTOCONF='${SHELL} /home/elton/shawn/bundle/DeServer/missing autoconf'
AUTOHEADER='${SHELL} /home/elton/shawn/bundle/DeServer/missing autoheader'
AUTOMAKE='${SHELL} /home/elton/shawn/bundle/DeServer/missing automake-1.14'
AWK='gawk'
CC='gcc'
CCDEPMODE='depmode=gcc3'
CFLAGS='-g -O2'
CPP='gcc -E'
CPPFLAGS=''
CXX='g++'
CXXCPP='g++ -E'
CXXDEPMODE='depmode=gcc3'
CXXFLAGS='-g -O2'
CYGPATH_W='echo'
DEFS='-DHAVE_CONFIG_H'
DEPDIR='.deps'
DLLTOOL='false'
DSYMUTIL=''
DUMPBIN=''
ECHO_C=''
ECHO_N='-n'
ECHO_T=''
EGREP='/usr/bin/grep -E'
EXEEXT=''
FGREP='/usr/bin/grep -F'
GREP='/usr/bin/grep'
INSTALL_DATA='${INSTALL} -m 644'
INSTALL_PROGRAM='${INSTALL}'
INSTALL_SCRIPT='${INSTALL}'
INSTALL_STRIP_PROGRAM='$(install_sh) -c -s'
LD='/usr/bin/ld -m elf_x86_64'
LDFLAGS=''
LIBOBJS=''
LIBS=''
LIBTOOL='$(SHELL) $(top_builddir)/libtool'
LIPO=''
LN_S='ln -s'
LTLIBOBJS=''
MAKEINFO='${SHELL} /home/elton/shawn/bundle/DeServer/missing makeinfo'
MANIFEST_TOOL=':'
MKDIR_P='/usr/bin/mkdir -p'
NM='/usr/bin/nm -B'
NMEDIT=''
OBJDUMP='objdump'
OBJEXT='o'
OTOOL64=''
OTOOL=''
PACKAGE='DeServer'
PACKAGE_BUGREPORT='elton.xiao@gmail.com'
PACKAGE_NAME='DeServer'
PACKAGE_STRING='DeServer 1.0'
PACKAGE_TARNAME='deserver'
PACKAGE_URL=''
PACKAGE_VERSION='1.0'
PATH_SEPARATOR=':'
RANLIB='ranlib'
SED='/usr/bin/sed'
SET_MAKE=''
SHELL='/bin/sh'
STRIP='strip'
VERSION='2.6'
ac_ct_AR='ar'
ac_ct_CC='gcc'
ac_ct_CXX='g++'
ac_ct_DUMPBIN=''
am__EXEEXT_FALSE=''
am__EXEEXT_TRUE='#'
am__fastdepCC_FALSE='#'
am__fastdepCC_TRUE=''
am__fastdepCXX_FALSE='#'
am__fastdepCXX_TRUE=''
am__include='include'
am__isrc=''
am__leading_dot='.'
am__nodep='_no'
am__quote=''
am__tar='$${TAR-tar} chof - "$$tardir"'
am__untar='$${TAR-tar} xf -'
bindir='${exec_prefix}/bin'
build='x86_64-unknown-linux-gnu'
build_alias=''
build_cpu='x86_64'
build_os='linux-gnu'
build_vendor='unknown'
datadir='${datarootdir}'
datarootdir='${prefix}/share'
docdir='${datarootdir}/doc/${PACKAGE_TARNAME}'
dvidir='${docdir}'
exec_prefix='${prefix}'
host='x86_64-unknown-linux-gnu'
host_alias=''
host_cpu='x86_64'
host_os='linux-gnu'
host_vendor='unknown'
htmldir='${docdir}'
includedir='${prefix}/include'
infodir='${datarootdir}/info'
install_sh='${SHELL} /home/elton/shawn/bundle/DeServer/install-sh'
libdir='${exec_prefix}/lib'
libexecdir='${exec_prefix}/libexec'
localedir='${datarootdir}/locale'
localstatedir='${prefix}/var'
mandir='${datarootdir}/man'
mkdir_p='$(MKDIR_P)'
oldincludedir='/usr/include'
pdfdir='${docdir}'
prefix='/usr/local'
program_transform_name='s,x,x,'
psdir='${docdir}'
sbindir='${exec_prefix}/sbin'
sharedstatedir='${prefix}/com'
sysconfdir='${prefix}/etc'
target_alias=''

## ----------- ##
## confdefs.h. ##
## ----------- ##

/* confdefs.h */
#define PACKAGE_NAME "DeServer"
#define PACKAGE_TARNAME "deserver"
#define PACKAGE_VERSION "1.0"
#define PACKAGE_STRING "DeServer 1.0"
#define PACKAGE_BUGREPORT "elton.xiao@gmail.com"
#define PACKAGE_URL ""
#define PACKAGE "DeServer"
#define VERSION "2.6"
#define STDC_HEADERS 1
#define HAVE_SYS_TYPES_H 1
#define HAVE_SYS_STAT_H 1
#define HAVE_STDLIB_H 1
#define HAVE_STRING_H 1
#define HAVE_MEMORY_H 1
#define HAVE_STRINGS_H 1
#define HAVE_INTTYPES_H 1
#define HAVE_STDINT_H 1
#define HAVE_UNISTD_H 1
#define HAVE__BOOL 1
#define HAVE_DLFCN_H 1
#define LT_OBJDIR ".libs/"

configure: exit 0
